<?xml version="1.0" encoding="UTF-8"?>
<!-- Generated by org.testng.reporters.JUnitReportReporter -->
<testsuite hostname="DESKTOP-3BR6QP1" failures="0" tests="1" name="PageObjectM.LoginTest" time="2.076" errors="0" timestamp="2025-06-26T19:52:41 IST" skipped="0">
  <testcase classname="PageObjectM.LoginTest" name="testLogin" time="2.076"/>
</testsuite> <!-- PageObjectM.LoginTest -->
